[INFO ] 2021-07-15 15:11:26.262 [main] SpringWebAppTests (91) - Starting SpringWebAppTests on PCNICO with PID 17244 (started by NICO in E:\OpenCLassRooms\Workspace\IntelliJ\Projet7_poseidon\Poseiden-skeleton)
[INFO ] 2021-07-15 15:11:26.262 [main] SpringWebAppTests (91) - No active profile set, falling back to default profiles: default
[INFO ] 2021-07-15 15:11:26.278 [main] GenericWebApplicationContext (91) - Refreshing org.springframework.web.context.support.GenericWebApplicationContext@56bca85b: startup date [Thu Jul 15 15:11:26 CEST 2021]; root of context hierarchy
[INFO ] 2021-07-15 15:11:27.345 [main] AutowiredAnnotationBeanPostProcessor (91) - JSR-330 'javax.inject.Inject' annotation found and supported for autowiring
[INFO ] 2021-07-15 15:11:27.430 [main] PostProcessorRegistrationDelegate$BeanPostProcessorChecker (91) - Bean 'org.springframework.transaction.annotation.ProxyTransactionManagementConfiguration' of type [org.springframework.transaction.annotation.ProxyTransactionManagementConfiguration$$EnhancerBySpringCGLIB$$fdca75be] is not eligible for getting processed by all BeanPostProcessors (for example: not eligible for auto-proxying)
[INFO ] 2021-07-15 15:11:27.646 [main] HikariDataSource (110) - HikariPool-1 - Starting...
[INFO ] 2021-07-15 15:11:27.809 [main] HikariDataSource (123) - HikariPool-1 - Start completed.
[INFO ] 2021-07-15 15:11:27.846 [main] LocalContainerEntityManagerFactoryBean (91) - Building JPA container EntityManagerFactory for persistence unit 'default'
[INFO ] 2021-07-15 15:11:27.862 [main] LogHelper (31) - HHH000204: Processing PersistenceUnitInfo [name: default]
[INFO ] 2021-07-15 15:11:27.909 [main] Version (44) - HHH000412: Hibernate ORM core version 5.4.31.Final
[INFO ] 2021-07-15 15:11:28.009 [main] Version (56) - HCANN000001: Hibernate Commons Annotations {5.1.2.Final}
[INFO ] 2021-07-15 15:11:28.495 [main] Dialect (175) - HHH000400: Using dialect: org.hibernate.dialect.MySQL5Dialect
[INFO ] 2021-07-15 15:11:29.181 [main] JtaPlatformInitiator (52) - HHH000490: Using JtaPlatform implementation: [org.hibernate.engine.transaction.jta.platform.internal.NoJtaPlatform]
[INFO ] 2021-07-15 15:11:29.181 [main] LocalContainerEntityManagerFactoryBean (91) - Initialized JPA EntityManagerFactory for persistence unit 'default'
[INFO ] 2021-07-15 15:11:30.084 [main] DefaultSecurityFilterChain (91) - Creating filter chain: org.springframework.security.web.util.matcher.AnyRequestMatcher@1, [org.springframework.security.web.context.request.async.WebAsyncManagerIntegrationFilter@17befef0, org.springframework.security.web.context.SecurityContextPersistenceFilter@4c8d45cf, org.springframework.security.web.header.HeaderWriterFilter@6f112f70, org.springframework.security.web.authentication.logout.LogoutFilter@6231f77a, org.springframework.security.web.authentication.UsernamePasswordAuthenticationFilter@5341641d, org.springframework.security.web.authentication.www.BasicAuthenticationFilter@4fd37449, org.springframework.security.web.savedrequest.RequestCacheAwareFilter@4cc4d454, org.springframework.security.web.servletapi.SecurityContextHolderAwareRequestFilter@26270b77, org.springframework.security.web.authentication.AnonymousAuthenticationFilter@5072e638, org.springframework.security.web.session.SessionManagementFilter@6b751cb1, org.springframework.security.web.access.ExceptionTranslationFilter@732d078d, org.springframework.security.web.access.intercept.FilterSecurityInterceptor@78b9155e]
[INFO ] 2021-07-15 15:11:30.438 [main] SimpleUrlHandlerMapping (91) - Mapped URL path [/**/favicon.ico] onto handler of type [class org.springframework.web.servlet.resource.ResourceHttpRequestHandler]
[INFO ] 2021-07-15 15:11:30.654 [main] RequestMappingHandlerAdapter (91) - Looking for @ControllerAdvice: org.springframework.web.context.support.GenericWebApplicationContext@56bca85b: startup date [Thu Jul 15 15:11:26 CEST 2021]; root of context hierarchy
[WARN ] 2021-07-15 15:11:30.701 [main] JpaBaseConfiguration$JpaWebConfiguration$JpaWebMvcConfiguration (91) - spring.jpa.open-in-view is enabled by default. Therefore, database queries may be performed during view rendering. Explicitly configure spring.jpa.open-in-view to disable this warning
[INFO ] 2021-07-15 15:11:30.739 [main] RequestMappingHandlerMapping (91) - Mapped "{[/bidList/validate],methods=[POST]}" onto public java.lang.String com.nnk.springboot.controllers.BidListController.validate(com.nnk.springboot.domain.BidList,org.springframework.validation.BindingResult,org.springframework.ui.Model)
[INFO ] 2021-07-15 15:11:30.739 [main] RequestMappingHandlerMapping (91) - Mapped "{[/bidList/list]}" onto public java.lang.String com.nnk.springboot.controllers.BidListController.home(org.springframework.ui.Model)
[INFO ] 2021-07-15 15:11:30.739 [main] RequestMappingHandlerMapping (91) - Mapped "{[/bidList/delete/{bidListId}],methods=[GET]}" onto public java.lang.String com.nnk.springboot.controllers.BidListController.deleteBid(java.lang.Integer,org.springframework.ui.Model)
[INFO ] 2021-07-15 15:11:30.739 [main] RequestMappingHandlerMapping (91) - Mapped "{[/bidList/update/{bidListId}],methods=[POST]}" onto public java.lang.String com.nnk.springboot.controllers.BidListController.updateBid(java.lang.Integer,com.nnk.springboot.domain.BidList,org.springframework.validation.BindingResult,org.springframework.ui.Model)
[INFO ] 2021-07-15 15:11:30.739 [main] RequestMappingHandlerMapping (91) - Mapped "{[/bidList/update/{bidListId}],methods=[GET]}" onto public java.lang.String com.nnk.springboot.controllers.BidListController.showUpdateForm(java.lang.Integer,org.springframework.ui.Model)
[INFO ] 2021-07-15 15:11:30.739 [main] RequestMappingHandlerMapping (91) - Mapped "{[/bidList/add],methods=[GET]}" onto public java.lang.String com.nnk.springboot.controllers.BidListController.addBidForm(com.nnk.springboot.domain.BidList)
[INFO ] 2021-07-15 15:11:30.739 [main] RequestMappingHandlerMapping (91) - Mapped "{[/curvePoint/validate],methods=[POST]}" onto public java.lang.String com.nnk.springboot.controllers.CurveController.validate(com.nnk.springboot.domain.CurvePoint,org.springframework.validation.BindingResult,org.springframework.ui.Model)
[INFO ] 2021-07-15 15:11:30.739 [main] RequestMappingHandlerMapping (91) - Mapped "{[/curvePoint/list]}" onto public java.lang.String com.nnk.springboot.controllers.CurveController.home(org.springframework.ui.Model)
[INFO ] 2021-07-15 15:11:30.739 [main] RequestMappingHandlerMapping (91) - Mapped "{[/curvePoint/delete/{id}],methods=[GET]}" onto public java.lang.String com.nnk.springboot.controllers.CurveController.deleteCurvePoint(java.lang.Integer,org.springframework.ui.Model)
[INFO ] 2021-07-15 15:11:30.739 [main] RequestMappingHandlerMapping (91) - Mapped "{[/curvePoint/update/{id}],methods=[GET]}" onto public java.lang.String com.nnk.springboot.controllers.CurveController.showUpdateForm(java.lang.Integer,org.springframework.ui.Model)
[INFO ] 2021-07-15 15:11:30.739 [main] RequestMappingHandlerMapping (91) - Mapped "{[/curvePoint/update/{id}],methods=[POST]}" onto public java.lang.String com.nnk.springboot.controllers.CurveController.updateCurvePoint(java.lang.Integer,com.nnk.springboot.domain.CurvePoint,org.springframework.validation.BindingResult,org.springframework.ui.Model)
[INFO ] 2021-07-15 15:11:30.739 [main] RequestMappingHandlerMapping (91) - Mapped "{[/curvePoint/add],methods=[GET]}" onto public java.lang.String com.nnk.springboot.controllers.CurveController.addCurvePointForm(com.nnk.springboot.domain.CurvePoint)
[INFO ] 2021-07-15 15:11:30.739 [main] RequestMappingHandlerMapping (91) - Mapped "{[/]}" onto public java.lang.String com.nnk.springboot.controllers.HomeController.home(org.springframework.ui.Model)
[INFO ] 2021-07-15 15:11:30.739 [main] RequestMappingHandlerMapping (91) - Mapped "{[/admin/home]}" onto public java.lang.String com.nnk.springboot.controllers.HomeController.adminHome(org.springframework.ui.Model)
[INFO ] 2021-07-15 15:11:30.755 [main] RequestMappingHandlerMapping (91) - Mapped "{[/app/error],methods=[GET]}" onto public org.springframework.web.servlet.ModelAndView com.nnk.springboot.controllers.LoginController.error()
[INFO ] 2021-07-15 15:11:30.755 [main] RequestMappingHandlerMapping (91) - Mapped "{[/app/login],methods=[GET]}" onto public org.springframework.web.servlet.ModelAndView com.nnk.springboot.controllers.LoginController.login()
[INFO ] 2021-07-15 15:11:30.755 [main] RequestMappingHandlerMapping (91) - Mapped "{[/app/logout],methods=[GET]}" onto public org.springframework.web.servlet.ModelAndView com.nnk.springboot.controllers.LoginController.logout()
[INFO ] 2021-07-15 15:11:30.755 [main] RequestMappingHandlerMapping (91) - Mapped "{[/rating/validate],methods=[POST]}" onto public java.lang.String com.nnk.springboot.controllers.RatingController.validate(com.nnk.springboot.domain.Rating,org.springframework.validation.BindingResult,org.springframework.ui.Model)
[INFO ] 2021-07-15 15:11:30.755 [main] RequestMappingHandlerMapping (91) - Mapped "{[/rating/list]}" onto public java.lang.String com.nnk.springboot.controllers.RatingController.home(org.springframework.ui.Model)
[INFO ] 2021-07-15 15:11:30.755 [main] RequestMappingHandlerMapping (91) - Mapped "{[/rating/update/{id}],methods=[GET]}" onto public java.lang.String com.nnk.springboot.controllers.RatingController.showUpdateForm(java.lang.Integer,org.springframework.ui.Model)
[INFO ] 2021-07-15 15:11:30.755 [main] RequestMappingHandlerMapping (91) - Mapped "{[/rating/add],methods=[GET]}" onto public java.lang.String com.nnk.springboot.controllers.RatingController.addRatingForm(com.nnk.springboot.domain.Rating)
[INFO ] 2021-07-15 15:11:30.755 [main] RequestMappingHandlerMapping (91) - Mapped "{[/rating/update/{id}],methods=[POST]}" onto public java.lang.String com.nnk.springboot.controllers.RatingController.updateRating(java.lang.Integer,com.nnk.springboot.domain.Rating,org.springframework.validation.BindingResult,org.springframework.ui.Model)
[INFO ] 2021-07-15 15:11:30.755 [main] RequestMappingHandlerMapping (91) - Mapped "{[/rating/delete/{id}],methods=[GET]}" onto public java.lang.String com.nnk.springboot.controllers.RatingController.deleteRating(java.lang.Integer,org.springframework.ui.Model)
[INFO ] 2021-07-15 15:11:30.755 [main] RequestMappingHandlerMapping (91) - Mapped "{[/ruleName/validate],methods=[POST]}" onto public java.lang.String com.nnk.springboot.controllers.RuleNameController.validate(com.nnk.springboot.domain.RuleName,org.springframework.validation.BindingResult,org.springframework.ui.Model)
[INFO ] 2021-07-15 15:11:30.755 [main] RequestMappingHandlerMapping (91) - Mapped "{[/ruleName/list]}" onto public java.lang.String com.nnk.springboot.controllers.RuleNameController.home(org.springframework.ui.Model)
[INFO ] 2021-07-15 15:11:30.755 [main] RequestMappingHandlerMapping (91) - Mapped "{[/ruleName/delete/{id}],methods=[GET]}" onto public java.lang.String com.nnk.springboot.controllers.RuleNameController.deleteRuleName(java.lang.Integer,org.springframework.ui.Model)
[INFO ] 2021-07-15 15:11:30.755 [main] RequestMappingHandlerMapping (91) - Mapped "{[/ruleName/update/{id}],methods=[POST]}" onto public java.lang.String com.nnk.springboot.controllers.RuleNameController.updateRuleName(java.lang.Integer,com.nnk.springboot.domain.RuleName,org.springframework.validation.BindingResult,org.springframework.ui.Model)
[INFO ] 2021-07-15 15:11:30.755 [main] RequestMappingHandlerMapping (91) - Mapped "{[/ruleName/update/{id}],methods=[GET]}" onto public java.lang.String com.nnk.springboot.controllers.RuleNameController.showUpdateForm(java.lang.Integer,org.springframework.ui.Model)
[INFO ] 2021-07-15 15:11:30.755 [main] RequestMappingHandlerMapping (91) - Mapped "{[/ruleName/add],methods=[GET]}" onto public java.lang.String com.nnk.springboot.controllers.RuleNameController.addRuleForm(com.nnk.springboot.domain.RuleName)
[INFO ] 2021-07-15 15:11:30.755 [main] RequestMappingHandlerMapping (91) - Mapped "{[/trade/validate],methods=[POST]}" onto public java.lang.String com.nnk.springboot.controllers.TradeController.validate(com.nnk.springboot.domain.Trade,org.springframework.validation.BindingResult,org.springframework.ui.Model)
[INFO ] 2021-07-15 15:11:30.755 [main] RequestMappingHandlerMapping (91) - Mapped "{[/trade/list]}" onto public java.lang.String com.nnk.springboot.controllers.TradeController.home(org.springframework.ui.Model)
[INFO ] 2021-07-15 15:11:30.755 [main] RequestMappingHandlerMapping (91) - Mapped "{[/trade/add],methods=[GET]}" onto public java.lang.String com.nnk.springboot.controllers.TradeController.addUser(com.nnk.springboot.domain.Trade)
[INFO ] 2021-07-15 15:11:30.755 [main] RequestMappingHandlerMapping (91) - Mapped "{[/trade/update/{id}],methods=[GET]}" onto public java.lang.String com.nnk.springboot.controllers.TradeController.showUpdateForm(java.lang.Integer,org.springframework.ui.Model)
[INFO ] 2021-07-15 15:11:30.755 [main] RequestMappingHandlerMapping (91) - Mapped "{[/trade/delete/{id}],methods=[GET]}" onto public java.lang.String com.nnk.springboot.controllers.TradeController.deleteTrade(java.lang.Integer,org.springframework.ui.Model)
[INFO ] 2021-07-15 15:11:30.755 [main] RequestMappingHandlerMapping (91) - Mapped "{[/trade/update/{id}],methods=[POST]}" onto public java.lang.String com.nnk.springboot.controllers.TradeController.updateTrade(java.lang.Integer,com.nnk.springboot.domain.Trade,org.springframework.validation.BindingResult,org.springframework.ui.Model)
[INFO ] 2021-07-15 15:11:30.755 [main] RequestMappingHandlerMapping (91) - Mapped "{[/user/validate],methods=[POST]}" onto public java.lang.String com.nnk.springboot.controllers.UserController.validate(com.nnk.springboot.domain.User,org.springframework.validation.BindingResult,org.springframework.ui.Model)
[INFO ] 2021-07-15 15:11:30.755 [main] RequestMappingHandlerMapping (91) - Mapped "{[/user/list]}" onto public java.lang.String com.nnk.springboot.controllers.UserController.home(org.springframework.ui.Model)
[INFO ] 2021-07-15 15:11:30.755 [main] RequestMappingHandlerMapping (91) - Mapped "{[/user/add],methods=[GET]}" onto public java.lang.String com.nnk.springboot.controllers.UserController.addUser(com.nnk.springboot.domain.User)
[INFO ] 2021-07-15 15:11:30.755 [main] RequestMappingHandlerMapping (91) - Mapped "{[/user/update/{id}],methods=[GET]}" onto public java.lang.String com.nnk.springboot.controllers.UserController.showUpdateForm(java.lang.Integer,org.springframework.ui.Model)
[INFO ] 2021-07-15 15:11:30.755 [main] RequestMappingHandlerMapping (91) - Mapped "{[/user/update/{id}],methods=[POST]}" onto public java.lang.String com.nnk.springboot.controllers.UserController.updateUser(java.lang.Integer,com.nnk.springboot.domain.User,org.springframework.validation.BindingResult,org.springframework.ui.Model)
[INFO ] 2021-07-15 15:11:30.755 [main] RequestMappingHandlerMapping (91) - Mapped "{[/user/delete/{id}],methods=[GET]}" onto public java.lang.String com.nnk.springboot.controllers.UserController.deleteUser(java.lang.Integer,org.springframework.ui.Model)
[INFO ] 2021-07-15 15:11:30.770 [main] RequestMappingHandlerMapping (91) - Mapped "{[/error]}" onto public org.springframework.http.ResponseEntity<java.util.Map<java.lang.String, java.lang.Object>> org.springframework.boot.autoconfigure.web.servlet.error.BasicErrorController.error(javax.servlet.http.HttpServletRequest)
[INFO ] 2021-07-15 15:11:30.770 [main] RequestMappingHandlerMapping (91) - Mapped "{[/error],produces=[text/html]}" onto public org.springframework.web.servlet.ModelAndView org.springframework.boot.autoconfigure.web.servlet.error.BasicErrorController.errorHtml(javax.servlet.http.HttpServletRequest,javax.servlet.http.HttpServletResponse)
[INFO ] 2021-07-15 15:11:30.786 [main] SimpleUrlHandlerMapping (91) - Mapped URL path [/webjars/**] onto handler of type [class org.springframework.web.servlet.resource.ResourceHttpRequestHandler]
[INFO ] 2021-07-15 15:11:30.786 [main] SimpleUrlHandlerMapping (91) - Mapped URL path [/**] onto handler of type [class org.springframework.web.servlet.resource.ResourceHttpRequestHandler]
[INFO ] 2021-07-15 15:11:31.141 [main] SpringBootMockServletContext (91) - Initializing Spring FrameworkServlet ''
[INFO ] 2021-07-15 15:11:31.141 [main] TestDispatcherServlet (91) - FrameworkServlet '': initialization started
[INFO ] 2021-07-15 15:11:31.153 [main] TestDispatcherServlet (91) - FrameworkServlet '': initialization completed in 12 ms
[INFO ] 2021-07-15 15:11:31.183 [main] SpringWebAppTests (91) - Started SpringWebAppTests in 5.66 seconds (JVM running for 6.8)
[INFO ] 2021-07-15 15:11:31.314 [main] UserDetailsConfigService (24) - Get User by usernane
[INFO ] 2021-07-15 15:11:31.687 [main] UserDetailsConfigService (24) - Get User by usernane
[INFO ] 2021-07-15 15:11:31.819 [main] LoginController (28) - Get login
[INFO ] 2021-07-15 15:11:32.122 [Thread-4] HikariDataSource (381) - HikariPool-1 - Shutdown initiated...
[INFO ] 2021-07-15 15:11:32.122 [Thread-4] HikariDataSource (383) - HikariPool-1 - Shutdown completed.
