[INFO ] 2021-07-16 14:38:30.234 [restartedMain] AnnotationConfigServletWebServerApplicationContext (91) - Refreshing org.springframework.boot.web.servlet.context.AnnotationConfigServletWebServerApplicationContext@7642594f: startup date [Fri Jul 16 14:38:30 CEST 2021]; root of context hierarchy
[INFO ] 2021-07-16 14:38:31.099 [restartedMain] AutowiredAnnotationBeanPostProcessor (91) - JSR-330 'javax.inject.Inject' annotation found and supported for autowiring
[INFO ] 2021-07-16 14:38:31.183 [restartedMain] PostProcessorRegistrationDelegate$BeanPostProcessorChecker (91) - Bean 'org.springframework.transaction.annotation.ProxyTransactionManagementConfiguration' of type [org.springframework.transaction.annotation.ProxyTransactionManagementConfiguration$$EnhancerBySpringCGLIB$$96b11c8b] is not eligible for getting processed by all BeanPostProcessors (for example: not eligible for auto-proxying)
[INFO ] 2021-07-16 14:38:31.533 [restartedMain] TomcatWebServer (91) - Tomcat initialized with port(s): 8080 (http)
[INFO ] 2021-07-16 14:38:31.541 [restartedMain] Http11NioProtocol (180) - Initializing ProtocolHandler ["http-nio-8080"]
[INFO ] 2021-07-16 14:38:31.548 [restartedMain] StandardService (180) - Starting service [Tomcat]
[INFO ] 2021-07-16 14:38:31.549 [restartedMain] StandardEngine (180) - Starting Servlet Engine: Apache Tomcat/8.5.32
[INFO ] 2021-07-16 14:38:31.552 [localhost-startStop-1] AprLifecycleListener (180) - The APR based Apache Tomcat Native library which allows optimal performance in production environments was not found on the java.library.path: [C:\Program Files\Java\jdk1.8.0_291\bin;C:\Windows\Sun\Java\bin;C:\Windows\system32;C:\Windows;C:\Program Files\Java\jdk-11.0.10\bin;C:\Program Files (x86)\Common Files\Oracle\Java\javapath;C:\Windows\system32;C:\Windows;C:\Windows\System32\Wbem;C:\Windows\System32\WindowsPowerShell\v1.0\;C:\Windows\System32\OpenSSH\;C:\Program Files (x86)\NVIDIA Corporation\PhysX\Common;C:\Program Files\Git\cmd;C:\Program Files\EnvironnementDevs\apache-maven-3.8.1\bin;C:\Program Files\Java\jdk-11.0.10\bin;C:\Program Files\EnvironnementDevs\apache-maven-3.8.1\bin;C:\Program Files\EnvironnementDevs\gradle-6.8.3\bin;C:\Program Files\MySQL\MySQL Server 8.0\bin;C:\Users\Nico\AppData\Local\Microsoft\WindowsApps;C:\Users\Nico\AppData\Local\GitHubDesktop\bin;C:\Program Files\JetBrains\IntelliJ IDEA 2020.3.2\bin;;C:\Program Files\Java\jdk-11.0.10\bin;C:\Program Files\EnvironnementDevs\apache-maven-3.8.1\bin;C:\Program Files\EnvironnementDevs\gradle-6.8.3\bin;;.]
[INFO ] 2021-07-16 14:38:31.639 [localhost-startStop-1] [/] (180) - Initializing Spring embedded WebApplicationContext
[INFO ] 2021-07-16 14:38:31.640 [localhost-startStop-1] ContextLoader (91) - Root WebApplicationContext: initialization completed in 1406 ms
[INFO ] 2021-07-16 14:38:31.716 [localhost-startStop-1] FilterRegistrationBean (91) - Mapping filter: 'characterEncodingFilter' to: [/*]
[INFO ] 2021-07-16 14:38:31.717 [localhost-startStop-1] FilterRegistrationBean (91) - Mapping filter: 'hiddenHttpMethodFilter' to: [/*]
[INFO ] 2021-07-16 14:38:31.717 [localhost-startStop-1] FilterRegistrationBean (91) - Mapping filter: 'httpPutFormContentFilter' to: [/*]
[INFO ] 2021-07-16 14:38:31.717 [localhost-startStop-1] FilterRegistrationBean (91) - Mapping filter: 'requestContextFilter' to: [/*]
[INFO ] 2021-07-16 14:38:31.718 [localhost-startStop-1] DelegatingFilterProxyRegistrationBean (91) - Mapping filter: 'springSecurityFilterChain' to: [/*]
[INFO ] 2021-07-16 14:38:31.718 [localhost-startStop-1] ServletRegistrationBean (91) - Servlet dispatcherServlet mapped to [/]
[INFO ] 2021-07-16 14:38:31.719 [localhost-startStop-1] ServletRegistrationBean (91) - Servlet webServlet mapped to [/h2-console/*]
[INFO ] 2021-07-16 14:38:31.862 [restartedMain] HikariDataSource (110) - HikariPool-1 - Starting...
[INFO ] 2021-07-16 14:38:31.979 [restartedMain] HikariDataSource (123) - HikariPool-1 - Start completed.
[INFO ] 2021-07-16 14:38:32.010 [restartedMain] LocalContainerEntityManagerFactoryBean (91) - Building JPA container EntityManagerFactory for persistence unit 'default'
[INFO ] 2021-07-16 14:38:32.748 [restartedMain] LocalContainerEntityManagerFactoryBean (91) - Initialized JPA EntityManagerFactory for persistence unit 'default'
[INFO ] 2021-07-16 14:38:33.375 [restartedMain] DefaultSecurityFilterChain (91) - Creating filter chain: org.springframework.security.web.util.matcher.AnyRequestMatcher@1, [org.springframework.security.web.context.request.async.WebAsyncManagerIntegrationFilter@12f9fe89, org.springframework.security.web.context.SecurityContextPersistenceFilter@78dc1aa0, org.springframework.security.web.header.HeaderWriterFilter@6196d5e, org.springframework.security.web.authentication.logout.LogoutFilter@1b2ceed0, org.springframework.security.web.authentication.UsernamePasswordAuthenticationFilter@4799eb3f, org.springframework.security.web.authentication.www.BasicAuthenticationFilter@36e65e93, org.springframework.security.web.savedrequest.RequestCacheAwareFilter@6952c7a4, org.springframework.security.web.servletapi.SecurityContextHolderAwareRequestFilter@2125d212, org.springframework.security.web.authentication.AnonymousAuthenticationFilter@23a02252, org.springframework.security.web.session.SessionManagementFilter@5d839d97, org.springframework.security.web.access.ExceptionTranslationFilter@4afe9c8a, org.springframework.security.web.access.intercept.FilterSecurityInterceptor@7f48662e]
[INFO ] 2021-07-16 14:38:33.420 [restartedMain] SimpleUrlHandlerMapping (91) - Mapped URL path [/**/favicon.ico] onto handler of type [class org.springframework.web.servlet.resource.ResourceHttpRequestHandler]
[INFO ] 2021-07-16 14:38:33.543 [restartedMain] RequestMappingHandlerAdapter (91) - Looking for @ControllerAdvice: org.springframework.boot.web.servlet.context.AnnotationConfigServletWebServerApplicationContext@7642594f: startup date [Fri Jul 16 14:38:30 CEST 2021]; root of context hierarchy
[WARN ] 2021-07-16 14:38:33.564 [restartedMain] JpaBaseConfiguration$JpaWebConfiguration$JpaWebMvcConfiguration (91) - spring.jpa.open-in-view is enabled by default. Therefore, database queries may be performed during view rendering. Explicitly configure spring.jpa.open-in-view to disable this warning
[INFO ] 2021-07-16 14:38:33.586 [restartedMain] RequestMappingHandlerMapping (91) - Mapped "{[/bidList/validate],methods=[POST]}" onto public java.lang.String com.nnk.springboot.controllers.BidListController.validate(com.nnk.springboot.domain.BidList,org.springframework.validation.BindingResult,org.springframework.ui.Model)
[INFO ] 2021-07-16 14:38:33.587 [restartedMain] RequestMappingHandlerMapping (91) - Mapped "{[/bidList/list]}" onto public java.lang.String com.nnk.springboot.controllers.BidListController.home(org.springframework.ui.Model)
[INFO ] 2021-07-16 14:38:33.587 [restartedMain] RequestMappingHandlerMapping (91) - Mapped "{[/bidList/add],methods=[GET]}" onto public java.lang.String com.nnk.springboot.controllers.BidListController.addBidForm(com.nnk.springboot.domain.BidList)
[INFO ] 2021-07-16 14:38:33.587 [restartedMain] RequestMappingHandlerMapping (91) - Mapped "{[/bidList/update/{bidListId}],methods=[GET]}" onto public java.lang.String com.nnk.springboot.controllers.BidListController.showUpdateForm(java.lang.Integer,org.springframework.ui.Model)
[INFO ] 2021-07-16 14:38:33.588 [restartedMain] RequestMappingHandlerMapping (91) - Mapped "{[/bidList/update/{bidListId}],methods=[POST]}" onto public java.lang.String com.nnk.springboot.controllers.BidListController.updateBid(java.lang.Integer,com.nnk.springboot.domain.BidList,org.springframework.validation.BindingResult,org.springframework.ui.Model)
[INFO ] 2021-07-16 14:38:33.588 [restartedMain] RequestMappingHandlerMapping (91) - Mapped "{[/bidList/delete/{bidListId}],methods=[GET]}" onto public java.lang.String com.nnk.springboot.controllers.BidListController.deleteBid(java.lang.Integer,org.springframework.ui.Model)
[INFO ] 2021-07-16 14:38:33.589 [restartedMain] RequestMappingHandlerMapping (91) - Mapped "{[/curvePoint/validate],methods=[POST]}" onto public java.lang.String com.nnk.springboot.controllers.CurveController.validate(com.nnk.springboot.domain.CurvePoint,org.springframework.validation.BindingResult,org.springframework.ui.Model)
[INFO ] 2021-07-16 14:38:33.589 [restartedMain] RequestMappingHandlerMapping (91) - Mapped "{[/curvePoint/list]}" onto public java.lang.String com.nnk.springboot.controllers.CurveController.home(org.springframework.ui.Model)
[INFO ] 2021-07-16 14:38:33.589 [restartedMain] RequestMappingHandlerMapping (91) - Mapped "{[/curvePoint/add],methods=[GET]}" onto public java.lang.String com.nnk.springboot.controllers.CurveController.addCurvePointForm(com.nnk.springboot.domain.CurvePoint)
[INFO ] 2021-07-16 14:38:33.590 [restartedMain] RequestMappingHandlerMapping (91) - Mapped "{[/curvePoint/delete/{id}],methods=[GET]}" onto public java.lang.String com.nnk.springboot.controllers.CurveController.deleteCurvePoint(java.lang.Integer,org.springframework.ui.Model)
[INFO ] 2021-07-16 14:38:33.590 [restartedMain] RequestMappingHandlerMapping (91) - Mapped "{[/curvePoint/update/{id}],methods=[GET]}" onto public java.lang.String com.nnk.springboot.controllers.CurveController.showUpdateForm(java.lang.Integer,org.springframework.ui.Model)
[INFO ] 2021-07-16 14:38:33.590 [restartedMain] RequestMappingHandlerMapping (91) - Mapped "{[/curvePoint/update/{id}],methods=[POST]}" onto public java.lang.String com.nnk.springboot.controllers.CurveController.updateCurvePoint(java.lang.Integer,com.nnk.springboot.domain.CurvePoint,org.springframework.validation.BindingResult,org.springframework.ui.Model)
[INFO ] 2021-07-16 14:38:33.591 [restartedMain] RequestMappingHandlerMapping (91) - Mapped "{[/]}" onto public java.lang.String com.nnk.springboot.controllers.HomeController.home(org.springframework.ui.Model)
[INFO ] 2021-07-16 14:38:33.592 [restartedMain] RequestMappingHandlerMapping (91) - Mapped "{[/admin/home]}" onto public java.lang.String com.nnk.springboot.controllers.HomeController.adminHome(org.springframework.ui.Model)
[INFO ] 2021-07-16 14:38:33.592 [restartedMain] RequestMappingHandlerMapping (91) - Mapped "{[/app/error],methods=[GET]}" onto public org.springframework.web.servlet.ModelAndView com.nnk.springboot.controllers.LoginController.error()
[INFO ] 2021-07-16 14:38:33.593 [restartedMain] RequestMappingHandlerMapping (91) - Mapped "{[/app/logout],methods=[GET]}" onto public org.springframework.web.servlet.ModelAndView com.nnk.springboot.controllers.LoginController.logout()
[INFO ] 2021-07-16 14:38:33.593 [restartedMain] RequestMappingHandlerMapping (91) - Mapped "{[/app/login],methods=[GET]}" onto public org.springframework.web.servlet.ModelAndView com.nnk.springboot.controllers.LoginController.login()
[INFO ] 2021-07-16 14:38:33.593 [restartedMain] RequestMappingHandlerMapping (91) - Mapped "{[/app/errorUser],methods=[GET]}" onto public org.springframework.web.servlet.ModelAndView com.nnk.springboot.controllers.LoginController.errorUser()
[INFO ] 2021-07-16 14:38:33.594 [restartedMain] RequestMappingHandlerMapping (91) - Mapped "{[/rating/validate],methods=[POST]}" onto public java.lang.String com.nnk.springboot.controllers.RatingController.validate(com.nnk.springboot.domain.Rating,org.springframework.validation.BindingResult,org.springframework.ui.Model)
[INFO ] 2021-07-16 14:38:33.594 [restartedMain] RequestMappingHandlerMapping (91) - Mapped "{[/rating/list]}" onto public java.lang.String com.nnk.springboot.controllers.RatingController.home(org.springframework.ui.Model)
[INFO ] 2021-07-16 14:38:33.594 [restartedMain] RequestMappingHandlerMapping (91) - Mapped "{[/rating/add],methods=[GET]}" onto public java.lang.String com.nnk.springboot.controllers.RatingController.addRatingForm(com.nnk.springboot.domain.Rating)
[INFO ] 2021-07-16 14:38:33.595 [restartedMain] RequestMappingHandlerMapping (91) - Mapped "{[/rating/delete/{id}],methods=[GET]}" onto public java.lang.String com.nnk.springboot.controllers.RatingController.deleteRating(java.lang.Integer,org.springframework.ui.Model)
[INFO ] 2021-07-16 14:38:33.595 [restartedMain] RequestMappingHandlerMapping (91) - Mapped "{[/rating/update/{id}],methods=[GET]}" onto public java.lang.String com.nnk.springboot.controllers.RatingController.showUpdateForm(java.lang.Integer,org.springframework.ui.Model)
[INFO ] 2021-07-16 14:38:33.595 [restartedMain] RequestMappingHandlerMapping (91) - Mapped "{[/rating/update/{id}],methods=[POST]}" onto public java.lang.String com.nnk.springboot.controllers.RatingController.updateRating(java.lang.Integer,com.nnk.springboot.domain.Rating,org.springframework.validation.BindingResult,org.springframework.ui.Model)
[INFO ] 2021-07-16 14:38:33.597 [restartedMain] RequestMappingHandlerMapping (91) - Mapped "{[/ruleName/validate],methods=[POST]}" onto public java.lang.String com.nnk.springboot.controllers.RuleNameController.validate(com.nnk.springboot.domain.RuleName,org.springframework.validation.BindingResult,org.springframework.ui.Model)
[INFO ] 2021-07-16 14:38:33.597 [restartedMain] RequestMappingHandlerMapping (91) - Mapped "{[/ruleName/list]}" onto public java.lang.String com.nnk.springboot.controllers.RuleNameController.home(org.springframework.ui.Model)
[INFO ] 2021-07-16 14:38:33.598 [restartedMain] RequestMappingHandlerMapping (91) - Mapped "{[/ruleName/update/{id}],methods=[GET]}" onto public java.lang.String com.nnk.springboot.controllers.RuleNameController.showUpdateForm(java.lang.Integer,org.springframework.ui.Model)
[INFO ] 2021-07-16 14:38:33.598 [restartedMain] RequestMappingHandlerMapping (91) - Mapped "{[/ruleName/add],methods=[GET]}" onto public java.lang.String com.nnk.springboot.controllers.RuleNameController.addRuleForm(com.nnk.springboot.domain.RuleName)
[INFO ] 2021-07-16 14:38:33.598 [restartedMain] RequestMappingHandlerMapping (91) - Mapped "{[/ruleName/update/{id}],methods=[POST]}" onto public java.lang.String com.nnk.springboot.controllers.RuleNameController.updateRuleName(java.lang.Integer,com.nnk.springboot.domain.RuleName,org.springframework.validation.BindingResult,org.springframework.ui.Model)
[INFO ] 2021-07-16 14:38:33.598 [restartedMain] RequestMappingHandlerMapping (91) - Mapped "{[/ruleName/delete/{id}],methods=[GET]}" onto public java.lang.String com.nnk.springboot.controllers.RuleNameController.deleteRuleName(java.lang.Integer,org.springframework.ui.Model)
[INFO ] 2021-07-16 14:38:33.599 [restartedMain] RequestMappingHandlerMapping (91) - Mapped "{[/trade/validate],methods=[POST]}" onto public java.lang.String com.nnk.springboot.controllers.TradeController.validate(com.nnk.springboot.domain.Trade,org.springframework.validation.BindingResult,org.springframework.ui.Model)
[INFO ] 2021-07-16 14:38:33.599 [restartedMain] RequestMappingHandlerMapping (91) - Mapped "{[/trade/list]}" onto public java.lang.String com.nnk.springboot.controllers.TradeController.home(org.springframework.ui.Model)
[INFO ] 2021-07-16 14:38:33.600 [restartedMain] RequestMappingHandlerMapping (91) - Mapped "{[/trade/add],methods=[GET]}" onto public java.lang.String com.nnk.springboot.controllers.TradeController.addUser(com.nnk.springboot.domain.Trade)
[INFO ] 2021-07-16 14:38:33.600 [restartedMain] RequestMappingHandlerMapping (91) - Mapped "{[/trade/update/{id}],methods=[GET]}" onto public java.lang.String com.nnk.springboot.controllers.TradeController.showUpdateForm(java.lang.Integer,org.springframework.ui.Model)
[INFO ] 2021-07-16 14:38:33.600 [restartedMain] RequestMappingHandlerMapping (91) - Mapped "{[/trade/delete/{id}],methods=[GET]}" onto public java.lang.String com.nnk.springboot.controllers.TradeController.deleteTrade(java.lang.Integer,org.springframework.ui.Model)
[INFO ] 2021-07-16 14:38:33.600 [restartedMain] RequestMappingHandlerMapping (91) - Mapped "{[/trade/update/{id}],methods=[POST]}" onto public java.lang.String com.nnk.springboot.controllers.TradeController.updateTrade(java.lang.Integer,com.nnk.springboot.domain.Trade,org.springframework.validation.BindingResult,org.springframework.ui.Model)
[INFO ] 2021-07-16 14:38:33.601 [restartedMain] RequestMappingHandlerMapping (91) - Mapped "{[/user/validate],methods=[POST]}" onto public java.lang.String com.nnk.springboot.controllers.UserController.validate(com.nnk.springboot.domain.User,org.springframework.validation.BindingResult,org.springframework.ui.Model) throws java.lang.Exception
[INFO ] 2021-07-16 14:38:33.601 [restartedMain] RequestMappingHandlerMapping (91) - Mapped "{[/user/list]}" onto public java.lang.String com.nnk.springboot.controllers.UserController.home(org.springframework.ui.Model)
[INFO ] 2021-07-16 14:38:33.601 [restartedMain] RequestMappingHandlerMapping (91) - Mapped "{[/user/add],methods=[GET]}" onto public java.lang.String com.nnk.springboot.controllers.UserController.addUser(com.nnk.springboot.domain.User)
[INFO ] 2021-07-16 14:38:33.602 [restartedMain] RequestMappingHandlerMapping (91) - Mapped "{[/user/delete/{id}],methods=[GET]}" onto public java.lang.String com.nnk.springboot.controllers.UserController.deleteUser(java.lang.Integer,org.springframework.ui.Model)
[INFO ] 2021-07-16 14:38:33.602 [restartedMain] RequestMappingHandlerMapping (91) - Mapped "{[/user/update/{id}],methods=[POST]}" onto public java.lang.String com.nnk.springboot.controllers.UserController.updateUser(java.lang.Integer,com.nnk.springboot.domain.User,org.springframework.validation.BindingResult,org.springframework.ui.Model)
[INFO ] 2021-07-16 14:38:33.602 [restartedMain] RequestMappingHandlerMapping (91) - Mapped "{[/user/update/{id}],methods=[GET]}" onto public java.lang.String com.nnk.springboot.controllers.UserController.showUpdateForm(java.lang.Integer,org.springframework.ui.Model)
[INFO ] 2021-07-16 14:38:33.603 [restartedMain] RequestMappingHandlerMapping (91) - Mapped "{[/error]}" onto public org.springframework.http.ResponseEntity<java.util.Map<java.lang.String, java.lang.Object>> org.springframework.boot.autoconfigure.web.servlet.error.BasicErrorController.error(javax.servlet.http.HttpServletRequest)
[INFO ] 2021-07-16 14:38:33.604 [restartedMain] RequestMappingHandlerMapping (91) - Mapped "{[/error],produces=[text/html]}" onto public org.springframework.web.servlet.ModelAndView org.springframework.boot.autoconfigure.web.servlet.error.BasicErrorController.errorHtml(javax.servlet.http.HttpServletRequest,javax.servlet.http.HttpServletResponse)
[INFO ] 2021-07-16 14:38:33.622 [restartedMain] SimpleUrlHandlerMapping (91) - Mapped URL path [/webjars/**] onto handler of type [class org.springframework.web.servlet.resource.ResourceHttpRequestHandler]
[INFO ] 2021-07-16 14:38:33.623 [restartedMain] SimpleUrlHandlerMapping (91) - Mapped URL path [/**] onto handler of type [class org.springframework.web.servlet.resource.ResourceHttpRequestHandler]
[INFO ] 2021-07-16 14:38:33.852 [restartedMain] OptionalLiveReloadServer (91) - LiveReload server is running on port 35729
[INFO ] 2021-07-16 14:38:33.873 [restartedMain] AnnotationMBeanExporter (91) - Registering beans for JMX exposure on startup
[INFO ] 2021-07-16 14:38:33.875 [restartedMain] AnnotationMBeanExporter (91) - Bean with name 'dataSource' has been autodetected for JMX exposure
[INFO ] 2021-07-16 14:38:33.879 [restartedMain] AnnotationMBeanExporter (91) - Located MBean 'dataSource': registering with JMX server as MBean [com.zaxxer.hikari:name=dataSource,type=HikariDataSource]
[INFO ] 2021-07-16 14:38:33.887 [restartedMain] Http11NioProtocol (180) - Starting ProtocolHandler ["http-nio-8080"]
[INFO ] 2021-07-16 14:38:33.894 [restartedMain] NioSelectorPool (180) - Using a shared selector for servlet write/read
[INFO ] 2021-07-16 14:38:33.904 [restartedMain] TomcatWebServer (91) - Tomcat started on port(s): 8080 (http) with context path ''
[INFO ] 2021-07-16 14:38:40.830 [http-nio-8080-exec-1] [/] (180) - Initializing Spring FrameworkServlet 'dispatcherServlet'
[INFO ] 2021-07-16 14:38:40.831 [http-nio-8080-exec-1] DispatcherServlet (91) - FrameworkServlet 'dispatcherServlet': initialization started
[INFO ] 2021-07-16 14:38:40.849 [http-nio-8080-exec-1] DispatcherServlet (91) - FrameworkServlet 'dispatcherServlet': initialization completed in 18 ms
[ERROR] 2021-07-16 14:39:07.208 [http-nio-8080-exec-10] [dispatcherServlet] (182) - Servlet.service() for servlet [dispatcherServlet] in context with path [] threw exception [Request processing failed; nested exception is java.lang.Exception: User already exists] with root cause
java.lang.Exception: User already exists
	at com.nnk.springboot.service.UserService.validate(UserService.java:50) ~[classes/:?]
	at com.nnk.springboot.controllers.UserController.validate(UserController.java:69) ~[classes/:?]
	at sun.reflect.NativeMethodAccessorImpl.invoke0(Native Method) ~[?:1.8.0_291]
	at sun.reflect.NativeMethodAccessorImpl.invoke(NativeMethodAccessorImpl.java:62) ~[?:1.8.0_291]
	at sun.reflect.DelegatingMethodAccessorImpl.invoke(DelegatingMethodAccessorImpl.java:43) ~[?:1.8.0_291]
	at java.lang.reflect.Method.invoke(Method.java:498) ~[?:1.8.0_291]
	at org.springframework.web.method.support.InvocableHandlerMethod.doInvoke(InvocableHandlerMethod.java:209) ~[spring-web-5.0.8.RELEASE.jar:5.0.8.RELEASE]
	at org.springframework.web.method.support.InvocableHandlerMethod.invokeForRequest(InvocableHandlerMethod.java:136) ~[spring-web-5.0.8.RELEASE.jar:5.0.8.RELEASE]
	at org.springframework.web.servlet.mvc.method.annotation.ServletInvocableHandlerMethod.invokeAndHandle(ServletInvocableHandlerMethod.java:102) ~[spring-webmvc-5.0.8.RELEASE.jar:5.0.8.RELEASE]
	at org.springframework.web.servlet.mvc.method.annotation.RequestMappingHandlerAdapter.invokeHandlerMethod(RequestMappingHandlerAdapter.java:877) ~[spring-webmvc-5.0.8.RELEASE.jar:5.0.8.RELEASE]
	at org.springframework.web.servlet.mvc.method.annotation.RequestMappingHandlerAdapter.handleInternal(RequestMappingHandlerAdapter.java:783) ~[spring-webmvc-5.0.8.RELEASE.jar:5.0.8.RELEASE]
	at org.springframework.web.servlet.mvc.method.AbstractHandlerMethodAdapter.handle(AbstractHandlerMethodAdapter.java:87) ~[spring-webmvc-5.0.8.RELEASE.jar:5.0.8.RELEASE]
	at org.springframework.web.servlet.DispatcherServlet.doDispatch(DispatcherServlet.java:991) ~[spring-webmvc-5.0.8.RELEASE.jar:5.0.8.RELEASE]
	at org.springframework.web.servlet.DispatcherServlet.doService(DispatcherServlet.java:925) ~[spring-webmvc-5.0.8.RELEASE.jar:5.0.8.RELEASE]
	at org.springframework.web.servlet.FrameworkServlet.processRequest(FrameworkServlet.java:974) ~[spring-webmvc-5.0.8.RELEASE.jar:5.0.8.RELEASE]
	at org.springframework.web.servlet.FrameworkServlet.doPost(FrameworkServlet.java:877) ~[spring-webmvc-5.0.8.RELEASE.jar:5.0.8.RELEASE]
	at javax.servlet.http.HttpServlet.service(HttpServlet.java:661) ~[tomcat-embed-core-8.5.32.jar:8.5.32]
	at org.springframework.web.servlet.FrameworkServlet.service(FrameworkServlet.java:851) ~[spring-webmvc-5.0.8.RELEASE.jar:5.0.8.RELEASE]
	at javax.servlet.http.HttpServlet.service(HttpServlet.java:742) ~[tomcat-embed-core-8.5.32.jar:8.5.32]
	at org.apache.catalina.core.ApplicationFilterChain.internalDoFilter(ApplicationFilterChain.java:231) ~[tomcat-embed-core-8.5.32.jar:8.5.32]
	at org.apache.catalina.core.ApplicationFilterChain.doFilter(ApplicationFilterChain.java:166) ~[tomcat-embed-core-8.5.32.jar:8.5.32]
	at org.apache.tomcat.websocket.server.WsFilter.doFilter(WsFilter.java:52) ~[tomcat-embed-websocket-8.5.32.jar:8.5.32]
	at org.apache.catalina.core.ApplicationFilterChain.internalDoFilter(ApplicationFilterChain.java:193) ~[tomcat-embed-core-8.5.32.jar:8.5.32]
	at org.apache.catalina.core.ApplicationFilterChain.doFilter(ApplicationFilterChain.java:166) ~[tomcat-embed-core-8.5.32.jar:8.5.32]
	at org.springframework.security.web.FilterChainProxy$VirtualFilterChain.doFilter(FilterChainProxy.java:320) ~[spring-security-web-5.0.7.RELEASE.jar:5.0.7.RELEASE]
	at org.springframework.security.web.access.intercept.FilterSecurityInterceptor.invoke(FilterSecurityInterceptor.java:127) ~[spring-security-web-5.0.7.RELEASE.jar:5.0.7.RELEASE]
	at org.springframework.security.web.access.intercept.FilterSecurityInterceptor.doFilter(FilterSecurityInterceptor.java:91) ~[spring-security-web-5.0.7.RELEASE.jar:5.0.7.RELEASE]
	at org.springframework.security.web.FilterChainProxy$VirtualFilterChain.doFilter(FilterChainProxy.java:334) ~[spring-security-web-5.0.7.RELEASE.jar:5.0.7.RELEASE]
	at org.springframework.security.web.access.ExceptionTranslationFilter.doFilter(ExceptionTranslationFilter.java:119) ~[spring-security-web-5.0.7.RELEASE.jar:5.0.7.RELEASE]
	at org.springframework.security.web.FilterChainProxy$VirtualFilterChain.doFilter(FilterChainProxy.java:334) ~[spring-security-web-5.0.7.RELEASE.jar:5.0.7.RELEASE]
	at org.springframework.security.web.session.SessionManagementFilter.doFilter(SessionManagementFilter.java:137) ~[spring-security-web-5.0.7.RELEASE.jar:5.0.7.RELEASE]
	at org.springframework.security.web.FilterChainProxy$VirtualFilterChain.doFilter(FilterChainProxy.java:334) ~[spring-security-web-5.0.7.RELEASE.jar:5.0.7.RELEASE]
	at org.springframework.security.web.authentication.AnonymousAuthenticationFilter.doFilter(AnonymousAuthenticationFilter.java:111) ~[spring-security-web-5.0.7.RELEASE.jar:5.0.7.RELEASE]
	at org.springframework.security.web.FilterChainProxy$VirtualFilterChain.doFilter(FilterChainProxy.java:334) ~[spring-security-web-5.0.7.RELEASE.jar:5.0.7.RELEASE]
	at org.springframework.security.web.servletapi.SecurityContextHolderAwareRequestFilter.doFilter(SecurityContextHolderAwareRequestFilter.java:170) ~[spring-security-web-5.0.7.RELEASE.jar:5.0.7.RELEASE]
	at org.springframework.security.web.FilterChainProxy$VirtualFilterChain.doFilter(FilterChainProxy.java:334) ~[spring-security-web-5.0.7.RELEASE.jar:5.0.7.RELEASE]
	at org.springframework.security.web.savedrequest.RequestCacheAwareFilter.doFilter(RequestCacheAwareFilter.java:63) ~[spring-security-web-5.0.7.RELEASE.jar:5.0.7.RELEASE]
	at org.springframework.security.web.FilterChainProxy$VirtualFilterChain.doFilter(FilterChainProxy.java:334) ~[spring-security-web-5.0.7.RELEASE.jar:5.0.7.RELEASE]
	at org.springframework.security.web.authentication.www.BasicAuthenticationFilter.doFilterInternal(BasicAuthenticationFilter.java:158) ~[spring-security-web-5.0.7.RELEASE.jar:5.0.7.RELEASE]
	at org.springframework.web.filter.OncePerRequestFilter.doFilter(OncePerRequestFilter.java:107) ~[spring-web-5.0.8.RELEASE.jar:5.0.8.RELEASE]
	at org.springframework.security.web.FilterChainProxy$VirtualFilterChain.doFilter(FilterChainProxy.java:334) ~[spring-security-web-5.0.7.RELEASE.jar:5.0.7.RELEASE]
	at org.springframework.security.web.authentication.AbstractAuthenticationProcessingFilter.doFilter(AbstractAuthenticationProcessingFilter.java:200) ~[spring-security-web-5.0.7.RELEASE.jar:5.0.7.RELEASE]
	at org.springframework.security.web.FilterChainProxy$VirtualFilterChain.doFilter(FilterChainProxy.java:334) ~[spring-security-web-5.0.7.RELEASE.jar:5.0.7.RELEASE]
	at org.springframework.security.web.authentication.logout.LogoutFilter.doFilter(LogoutFilter.java:116) ~[spring-security-web-5.0.7.RELEASE.jar:5.0.7.RELEASE]
	at org.springframework.security.web.FilterChainProxy$VirtualFilterChain.doFilter(FilterChainProxy.java:334) ~[spring-security-web-5.0.7.RELEASE.jar:5.0.7.RELEASE]
	at org.springframework.security.web.header.HeaderWriterFilter.doFilterInternal(HeaderWriterFilter.java:66) ~[spring-security-web-5.0.7.RELEASE.jar:5.0.7.RELEASE]
	at org.springframework.web.filter.OncePerRequestFilter.doFilter(OncePerRequestFilter.java:107) ~[spring-web-5.0.8.RELEASE.jar:5.0.8.RELEASE]
	at org.springframework.security.web.FilterChainProxy$VirtualFilterChain.doFilter(FilterChainProxy.java:334) ~[spring-security-web-5.0.7.RELEASE.jar:5.0.7.RELEASE]
	at org.springframework.security.web.context.SecurityContextPersistenceFilter.doFilter(SecurityContextPersistenceFilter.java:105) ~[spring-security-web-5.0.7.RELEASE.jar:5.0.7.RELEASE]
	at org.springframework.security.web.FilterChainProxy$VirtualFilterChain.doFilter(FilterChainProxy.java:334) ~[spring-security-web-5.0.7.RELEASE.jar:5.0.7.RELEASE]
	at org.springframework.security.web.context.request.async.WebAsyncManagerIntegrationFilter.doFilterInternal(WebAsyncManagerIntegrationFilter.java:56) ~[spring-security-web-5.0.7.RELEASE.jar:5.0.7.RELEASE]
	at org.springframework.web.filter.OncePerRequestFilter.doFilter(OncePerRequestFilter.java:107) ~[spring-web-5.0.8.RELEASE.jar:5.0.8.RELEASE]
	at org.springframework.security.web.FilterChainProxy$VirtualFilterChain.doFilter(FilterChainProxy.java:334) ~[spring-security-web-5.0.7.RELEASE.jar:5.0.7.RELEASE]
	at org.springframework.security.web.FilterChainProxy.doFilterInternal(FilterChainProxy.java:215) ~[spring-security-web-5.0.7.RELEASE.jar:5.0.7.RELEASE]
	at org.springframework.security.web.FilterChainProxy.doFilter(FilterChainProxy.java:178) ~[spring-security-web-5.0.7.RELEASE.jar:5.0.7.RELEASE]
	at org.springframework.web.filter.DelegatingFilterProxy.invokeDelegate(DelegatingFilterProxy.java:357) ~[spring-web-5.0.8.RELEASE.jar:5.0.8.RELEASE]
	at org.springframework.web.filter.DelegatingFilterProxy.doFilter(DelegatingFilterProxy.java:270) ~[spring-web-5.0.8.RELEASE.jar:5.0.8.RELEASE]
	at org.apache.catalina.core.ApplicationFilterChain.internalDoFilter(ApplicationFilterChain.java:193) ~[tomcat-embed-core-8.5.32.jar:8.5.32]
	at org.apache.catalina.core.ApplicationFilterChain.doFilter(ApplicationFilterChain.java:166) ~[tomcat-embed-core-8.5.32.jar:8.5.32]
	at org.springframework.web.filter.RequestContextFilter.doFilterInternal(RequestContextFilter.java:99) ~[spring-web-5.0.8.RELEASE.jar:5.0.8.RELEASE]
	at org.springframework.web.filter.OncePerRequestFilter.doFilter(OncePerRequestFilter.java:107) ~[spring-web-5.0.8.RELEASE.jar:5.0.8.RELEASE]
	at org.apache.catalina.core.ApplicationFilterChain.internalDoFilter(ApplicationFilterChain.java:193) ~[tomcat-embed-core-8.5.32.jar:8.5.32]
	at org.apache.catalina.core.ApplicationFilterChain.doFilter(ApplicationFilterChain.java:166) ~[tomcat-embed-core-8.5.32.jar:8.5.32]
	at org.springframework.web.filter.HttpPutFormContentFilter.doFilterInternal(HttpPutFormContentFilter.java:109) ~[spring-web-5.0.8.RELEASE.jar:5.0.8.RELEASE]
	at org.springframework.web.filter.OncePerRequestFilter.doFilter(OncePerRequestFilter.java:107) ~[spring-web-5.0.8.RELEASE.jar:5.0.8.RELEASE]
	at org.apache.catalina.core.ApplicationFilterChain.internalDoFilter(ApplicationFilterChain.java:193) ~[tomcat-embed-core-8.5.32.jar:8.5.32]
	at org.apache.catalina.core.ApplicationFilterChain.doFilter(ApplicationFilterChain.java:166) ~[tomcat-embed-core-8.5.32.jar:8.5.32]
	at org.springframework.web.filter.HiddenHttpMethodFilter.doFilterInternal(HiddenHttpMethodFilter.java:93) ~[spring-web-5.0.8.RELEASE.jar:5.0.8.RELEASE]
	at org.springframework.web.filter.OncePerRequestFilter.doFilter(OncePerRequestFilter.java:107) ~[spring-web-5.0.8.RELEASE.jar:5.0.8.RELEASE]
	at org.apache.catalina.core.ApplicationFilterChain.internalDoFilter(ApplicationFilterChain.java:193) ~[tomcat-embed-core-8.5.32.jar:8.5.32]
	at org.apache.catalina.core.ApplicationFilterChain.doFilter(ApplicationFilterChain.java:166) ~[tomcat-embed-core-8.5.32.jar:8.5.32]
	at org.springframework.web.filter.CharacterEncodingFilter.doFilterInternal(CharacterEncodingFilter.java:200) ~[spring-web-5.0.8.RELEASE.jar:5.0.8.RELEASE]
	at org.springframework.web.filter.OncePerRequestFilter.doFilter(OncePerRequestFilter.java:107) ~[spring-web-5.0.8.RELEASE.jar:5.0.8.RELEASE]
	at org.apache.catalina.core.ApplicationFilterChain.internalDoFilter(ApplicationFilterChain.java:193) ~[tomcat-embed-core-8.5.32.jar:8.5.32]
	at org.apache.catalina.core.ApplicationFilterChain.doFilter(ApplicationFilterChain.java:166) ~[tomcat-embed-core-8.5.32.jar:8.5.32]
	at org.apache.catalina.core.StandardWrapperValve.invoke(StandardWrapperValve.java:198) [tomcat-embed-core-8.5.32.jar:8.5.32]
	at org.apache.catalina.core.StandardContextValve.invoke(StandardContextValve.java:96) [tomcat-embed-core-8.5.32.jar:8.5.32]
	at org.apache.catalina.authenticator.AuthenticatorBase.invoke(AuthenticatorBase.java:493) [tomcat-embed-core-8.5.32.jar:8.5.32]
	at org.apache.catalina.core.StandardHostValve.invoke(StandardHostValve.java:140) [tomcat-embed-core-8.5.32.jar:8.5.32]
	at org.apache.catalina.valves.ErrorReportValve.invoke(ErrorReportValve.java:81) [tomcat-embed-core-8.5.32.jar:8.5.32]
	at org.apache.catalina.core.StandardEngineValve.invoke(StandardEngineValve.java:87) [tomcat-embed-core-8.5.32.jar:8.5.32]
	at org.apache.catalina.connector.CoyoteAdapter.service(CoyoteAdapter.java:342) [tomcat-embed-core-8.5.32.jar:8.5.32]
	at org.apache.coyote.http11.Http11Processor.service(Http11Processor.java:800) [tomcat-embed-core-8.5.32.jar:8.5.32]
	at org.apache.coyote.AbstractProcessorLight.process(AbstractProcessorLight.java:66) [tomcat-embed-core-8.5.32.jar:8.5.32]
	at org.apache.coyote.AbstractProtocol$ConnectionHandler.process(AbstractProtocol.java:800) [tomcat-embed-core-8.5.32.jar:8.5.32]
	at org.apache.tomcat.util.net.NioEndpoint$SocketProcessor.doRun(NioEndpoint.java:1471) [tomcat-embed-core-8.5.32.jar:8.5.32]
	at org.apache.tomcat.util.net.SocketProcessorBase.run(SocketProcessorBase.java:49) [tomcat-embed-core-8.5.32.jar:8.5.32]
	at java.util.concurrent.ThreadPoolExecutor.runWorker(ThreadPoolExecutor.java:1149) [?:1.8.0_291]
	at java.util.concurrent.ThreadPoolExecutor$Worker.run(ThreadPoolExecutor.java:624) [?:1.8.0_291]
	at org.apache.tomcat.util.threads.TaskThread$WrappingRunnable.run(TaskThread.java:61) [tomcat-embed-core-8.5.32.jar:8.5.32]
	at java.lang.Thread.run(Thread.java:748) [?:1.8.0_291]
